#-----------------------------------------------------------
# Vivado v2019.2 (64-bit)
# SW Build 2708876 on Wed Nov  6 21:40:23 MST 2019
# IP Build 2700528 on Thu Nov  7 00:09:20 MST 2019
# Start of session at: Fri Aug 26 10:20:27 2022
# Process ID: 14576
# Current directory: F:/Learning/MIPS-CPU/CPU
# Command line: vivado.exe -gui_launcher_event rodinguilauncherevent3816 F:\Learning\MIPS-CPU\CPU\CPU.xpr
# Log file: F:/Learning/MIPS-CPU/CPU/vivado.log
# Journal file: F:/Learning/MIPS-CPU/CPU\vivado.jou
#-----------------------------------------------------------
start_gui
open_project F:/Learning/MIPS-CPU/CPU/CPU.xpr
INFO: [Project 1-313] Project file moved from 'F:/MIPS/CPU' since last save.
Scanning sources...
Finished scanning sources
INFO: [IP_Flow 19-234] Refreshing IP repositories
INFO: [IP_Flow 19-1704] No user IP repositories specified
INFO: [IP_Flow 19-2313] Loaded Vivado IP repository 'F:/Vivado/install/Vivado/2019.2/data/ip'.
open_project: Time (s): cpu = 00:00:12 ; elapsed = 00:00:06 . Memory (MB): peak = 916.117 ; gain = 248.781
update_compile_order -fileset sources_1
launch_simulation
Command: launch_simulation 
INFO: [Vivado 12-5682] Launching behavioral simulation in 'F:/Learning/MIPS-CPU/CPU/CPU.sim/sim_1/behav/xsim'
INFO: [SIM-utils-51] Simulation object is 'sim_1'
INFO: [SIM-utils-54] Inspecting design source files for 'cpu_tb' in fileset 'sim_1'...
INFO: [USF-XSim-97] Finding global include files...
INFO: [USF-XSim-98] Fetching design files from 'sim_1'...
INFO: [USF-XSim-2] XSim::Compile design
INFO: [USF-XSim-61] Executing 'COMPILE and ANALYZE' step in 'F:/Learning/MIPS-CPU/CPU/CPU.sim/sim_1/behav/xsim'
"xvlog --incr --relax -prj cpu_tb_vlog.prj"
INFO: [VRFC 10-2263] Analyzing Verilog file "F:/Learning/MIPS-CPU/CPU/CPU.srcs/sources_1/new/alu.v" into library xil_defaultlib
INFO: [VRFC 10-311] analyzing module alu
INFO: [VRFC 10-2263] Analyzing Verilog file "F:/Learning/MIPS-CPU/CPU/CPU.srcs/sources_1/new/control_unit.v" into library xil_defaultlib
INFO: [VRFC 10-311] analyzing module control_unit
INFO: [VRFC 10-2263] Analyzing Verilog file "F:/Learning/MIPS-CPU/CPU/CPU.srcs/sources_1/new/cpu.v" into library xil_defaultlib
INFO: [VRFC 10-311] analyzing module cpu
INFO: [VRFC 10-2263] Analyzing Verilog file "F:/Learning/MIPS-CPU/CPU/CPU.srcs/sources_1/new/dff32.v" into library xil_defaultlib
INFO: [VRFC 10-311] analyzing module dff32
INFO: [VRFC 10-2263] Analyzing Verilog file "F:/Learning/MIPS-CPU/CPU/CPU.srcs/sources_1/new/extend.v" into library xil_defaultlib
INFO: [VRFC 10-311] analyzing module extend
INFO: [VRFC 10-2263] Analyzing Verilog file "F:/Learning/MIPS-CPU/CPU/CPU.srcs/sources_1/new/mem.v" into library xil_defaultlib
INFO: [VRFC 10-311] analyzing module mem
INFO: [VRFC 10-2263] Analyzing Verilog file "F:/Learning/MIPS-CPU/CPU/CPU.srcs/sources_1/new/mux_2.v" into library xil_defaultlib
INFO: [VRFC 10-311] analyzing module mux_2
INFO: [VRFC 10-2263] Analyzing Verilog file "F:/Learning/MIPS-CPU/CPU/CPU.srcs/sources_1/new/mux_2_5.v" into library xil_defaultlib
INFO: [VRFC 10-311] analyzing module mux_2_5
INFO: [VRFC 10-2263] Analyzing Verilog file "F:/Learning/MIPS-CPU/CPU/CPU.srcs/sources_1/new/mux_4_32.v" into library xil_defaultlib
INFO: [VRFC 10-311] analyzing module mux_4_32
INFO: [VRFC 10-2263] Analyzing Verilog file "F:/Learning/MIPS-CPU/CPU/CPU.srcs/sources_1/new/pc.v" into library xil_defaultlib
INFO: [VRFC 10-311] analyzing module pc
INFO: [VRFC 10-2263] Analyzing Verilog file "F:/Learning/MIPS-CPU/CPU/CPU.srcs/sources_1/new/regfile.v" into library xil_defaultlib
INFO: [VRFC 10-311] analyzing module regfile
INFO: [VRFC 10-2263] Analyzing Verilog file "F:/Learning/MIPS-CPU/CPU/CPU.srcs/sim_1/new/cpu_tb.v" into library xil_defaultlib
INFO: [VRFC 10-311] analyzing module cpu_tb
INFO: [VRFC 10-2263] Analyzing Verilog file "F:/Learning/MIPS-CPU/CPU/CPU.sim/sim_1/behav/xsim/glbl.v" into library xil_defaultlib
INFO: [VRFC 10-311] analyzing module glbl
INFO: [USF-XSim-69] 'compile' step finished in '1' seconds
INFO: [USF-XSim-3] XSim::Elaborate design
INFO: [USF-XSim-61] Executing 'ELABORATE' step in 'F:/Learning/MIPS-CPU/CPU/CPU.sim/sim_1/behav/xsim'
"xelab -wto 2e3fabca07ee4b04b7367c3d8e03b178 --incr --debug typical --relax --mt 2 -L xil_defaultlib -L unisims_ver -L unimacro_ver -L secureip --snapshot cpu_tb_behav xil_defaultlib.cpu_tb xil_defaultlib.glbl -log elaborate.log"
Vivado Simulator 2019.2
Copyright 1986-1999, 2001-2019 Xilinx, Inc. All Rights Reserved.
Running: F:/Vivado/install/Vivado/2019.2/bin/unwrapped/win64.o/xelab.exe -wto 2e3fabca07ee4b04b7367c3d8e03b178 --incr --debug typical --relax --mt 2 -L xil_defaultlib -L unisims_ver -L unimacro_ver -L secureip --snapshot cpu_tb_behav xil_defaultlib.cpu_tb xil_defaultlib.glbl -log elaborate.log 
Using 2 slave threads.
Starting static elaboration
Pass Through NonSizing Optimizer
Completed static elaboration
Starting simulation data flow analysis
Completed simulation data flow analysis
Time Resolution for simulation is 1ps
Compiling module xil_defaultlib.control_unit
Compiling module xil_defaultlib.pc
Compiling module xil_defaultlib.mem
Compiling module xil_defaultlib.regfile
Compiling module xil_defaultlib.extend
Compiling module xil_defaultlib.alu
Compiling module xil_defaultlib.dff32
Compiling module xil_defaultlib.mux_2
Compiling module xil_defaultlib.mux_2_5
Compiling module xil_defaultlib.mux_4_32
Compiling module xil_defaultlib.cpu
Compiling module xil_defaultlib.cpu_tb
Compiling module xil_defaultlib.glbl
Built simulation snapshot cpu_tb_behav

****** Webtalk v2019.2 (64-bit)
  **** SW Build 2708876 on Wed Nov  6 21:40:23 MST 2019
  **** IP Build 2700528 on Thu Nov  7 00:09:20 MST 2019
    ** Copyright 1986-2019 Xilinx, Inc. All Rights Reserved.

source F:/Learning/MIPS-CPU/CPU/CPU.sim/sim_1/behav/xsim/xsim.dir/cpu_tb_behav/webtalk/xsim_webtalk.tcl -notrace
INFO: [Common 17-186] 'F:/Learning/MIPS-CPU/CPU/CPU.sim/sim_1/behav/xsim/xsim.dir/cpu_tb_behav/webtalk/usage_statistics_ext_xsim.xml' has been successfully sent to Xilinx on Fri Aug 26 10:20:58 2022. For additional details about this file, please refer to the WebTalk help file at F:/Vivado/install/Vivado/2019.2/doc/webtalk_introduction.html.
INFO: [Common 17-206] Exiting Webtalk at Fri Aug 26 10:20:58 2022...
run_program: Time (s): cpu = 00:00:01 ; elapsed = 00:00:08 . Memory (MB): peak = 927.348 ; gain = 0.000
INFO: [USF-XSim-69] 'elaborate' step finished in '8' seconds
INFO: [USF-XSim-4] XSim::Simulate design
INFO: [USF-XSim-61] Executing 'SIMULATE' step in 'F:/Learning/MIPS-CPU/CPU/CPU.sim/sim_1/behav/xsim'
INFO: [USF-XSim-98] *** Running xsim
   with args "cpu_tb_behav -key {Behavioral:sim_1:Functional:cpu_tb} -tclbatch {cpu_tb.tcl} -log {simulate.log}"
INFO: [USF-XSim-8] Loading simulator feature
Vivado Simulator 2019.2
Time resolution is 1 ps
source cpu_tb.tcl
# set curr_wave [current_wave_config]
# if { [string length $curr_wave] == 0 } {
#   if { [llength [get_objects]] > 0} {
#     add_wave /
#     set_property needs_save false [current_wave_config]
#   } else {
#      send_msg_id Add_Wave-1 WARNING "No top level signals found. Simulator will start without a wave window. If you want to open a wave window go to 'File->New Waveform Configuration' or type 'create_wave_config' in the TCL console."
#   }
# }
# run 1000ns
INFO: [USF-XSim-96] XSim completed. Design snapshot 'cpu_tb_behav' loaded.
INFO: [USF-XSim-97] XSim simulation ran for 1000ns
launch_simulation: Time (s): cpu = 00:00:09 ; elapsed = 00:00:13 . Memory (MB): peak = 935.004 ; gain = 7.656
close_sim
INFO: [Simtcl 6-16] Simulation closed
close_sim: Time (s): cpu = 00:00:01 ; elapsed = 00:00:06 . Memory (MB): peak = 1011.094 ; gain = 0.000
launch_simulation
Command: launch_simulation 
INFO: [Vivado 12-5682] Launching behavioral simulation in 'F:/Learning/MIPS-CPU/CPU/CPU.sim/sim_1/behav/xsim'
INFO: [SIM-utils-51] Simulation object is 'sim_1'
INFO: [SIM-utils-54] Inspecting design source files for 'cpu_tb' in fileset 'sim_1'...
INFO: [USF-XSim-97] Finding global include files...
INFO: [USF-XSim-98] Fetching design files from 'sim_1'...
INFO: [USF-XSim-2] XSim::Compile design
INFO: [USF-XSim-61] Executing 'COMPILE and ANALYZE' step in 'F:/Learning/MIPS-CPU/CPU/CPU.sim/sim_1/behav/xsim'
"xvlog --incr --relax -prj cpu_tb_vlog.prj"
INFO: [USF-XSim-69] 'compile' step finished in '2' seconds
INFO: [USF-XSim-3] XSim::Elaborate design
INFO: [USF-XSim-61] Executing 'ELABORATE' step in 'F:/Learning/MIPS-CPU/CPU/CPU.sim/sim_1/behav/xsim'
"xelab -wto 2e3fabca07ee4b04b7367c3d8e03b178 --incr --debug typical --relax --mt 2 -L xil_defaultlib -L unisims_ver -L unimacro_ver -L secureip --snapshot cpu_tb_behav xil_defaultlib.cpu_tb xil_defaultlib.glbl -log elaborate.log"
Vivado Simulator 2019.2
Copyright 1986-1999, 2001-2019 Xilinx, Inc. All Rights Reserved.
Running: F:/Vivado/install/Vivado/2019.2/bin/unwrapped/win64.o/xelab.exe -wto 2e3fabca07ee4b04b7367c3d8e03b178 --incr --debug typical --relax --mt 2 -L xil_defaultlib -L unisims_ver -L unimacro_ver -L secureip --snapshot cpu_tb_behav xil_defaultlib.cpu_tb xil_defaultlib.glbl -log elaborate.log 
Using 2 slave threads.
Starting static elaboration
Pass Through NonSizing Optimizer
Completed static elaboration
INFO: [XSIM 43-4323] No Change in HDL. Linking previously generated obj files to create kernel
INFO: [USF-XSim-69] 'elaborate' step finished in '2' seconds
INFO: [USF-XSim-4] XSim::Simulate design
INFO: [USF-XSim-61] Executing 'SIMULATE' step in 'F:/Learning/MIPS-CPU/CPU/CPU.sim/sim_1/behav/xsim'
INFO: [USF-XSim-98] *** Running xsim
   with args "cpu_tb_behav -key {Behavioral:sim_1:Functional:cpu_tb} -tclbatch {cpu_tb.tcl} -log {simulate.log}"
INFO: [USF-XSim-8] Loading simulator feature
Vivado Simulator 2019.2
Time resolution is 1 ps
source cpu_tb.tcl
# set curr_wave [current_wave_config]
# if { [string length $curr_wave] == 0 } {
#   if { [llength [get_objects]] > 0} {
#     add_wave /
#     set_property needs_save false [current_wave_config]
#   } else {
#      send_msg_id Add_Wave-1 WARNING "No top level signals found. Simulator will start without a wave window. If you want to open a wave window go to 'File->New Waveform Configuration' or type 'create_wave_config' in the TCL console."
#   }
# }
# run 1000ns
INFO: [USF-XSim-96] XSim completed. Design snapshot 'cpu_tb_behav' loaded.
INFO: [USF-XSim-97] XSim simulation ran for 1000ns
launch_simulation: Time (s): cpu = 00:00:06 ; elapsed = 00:00:07 . Memory (MB): peak = 1013.742 ; gain = 2.648
close_sim
INFO: [Simtcl 6-16] Simulation closed
exit
INFO: [Common 17-206] Exiting Vivado at Fri Aug 26 10:33:18 2022...
