INFO: [VRFC 10-2263] Analyzing Verilog file "F:/MIPS/CPU/CPU.srcs/sources_1/new/alu.v" into library xil_defaultlib
INFO: [VRFC 10-311] analyzing module alu
INFO: [VRFC 10-2263] Analyzing Verilog file "F:/MIPS/CPU/CPU.srcs/sources_1/new/control_unit.v" into library xil_defaultlib
INFO: [VRFC 10-311] analyzing module control_unit
INFO: [VRFC 10-2263] Analyzing Verilog file "F:/MIPS/CPU/CPU.srcs/sources_1/new/cpu.v" into library xil_defaultlib
INFO: [VRFC 10-311] analyzing module cpu
INFO: [VRFC 10-2263] Analyzing Verilog file "F:/MIPS/CPU/CPU.srcs/sources_1/new/dff32.v" into library xil_defaultlib
INFO: [VRFC 10-311] analyzing module dff32
INFO: [VRFC 10-2263] Analyzing Verilog file "F:/MIPS/CPU/CPU.srcs/sources_1/new/extend.v" into library xil_defaultlib
INFO: [VRFC 10-311] analyzing module extend
INFO: [VRFC 10-2263] Analyzing Verilog file "F:/MIPS/CPU/CPU.srcs/sources_1/new/mem.v" into library xil_defaultlib
INFO: [VRFC 10-311] analyzing module mem
INFO: [VRFC 10-2263] Analyzing Verilog file "F:/MIPS/CPU/CPU.srcs/sources_1/new/mux_2.v" into library xil_defaultlib
INFO: [VRFC 10-311] analyzing module mux_2
INFO: [VRFC 10-2263] Analyzing Verilog file "F:/MIPS/CPU/CPU.srcs/sources_1/new/mux_2_5.v" into library xil_defaultlib
INFO: [VRFC 10-311] analyzing module mux_2_5
INFO: [VRFC 10-2263] Analyzing Verilog file "F:/MIPS/CPU/CPU.srcs/sources_1/new/mux_4_32.v" into library xil_defaultlib
INFO: [VRFC 10-311] analyzing module mux_4_32
INFO: [VRFC 10-2263] Analyzing Verilog file "F:/MIPS/CPU/CPU.srcs/sources_1/new/pc.v" into library xil_defaultlib
INFO: [VRFC 10-311] analyzing module pc
INFO: [VRFC 10-2263] Analyzing Verilog file "F:/MIPS/CPU/CPU.srcs/sources_1/new/regfile.v" into library xil_defaultlib
INFO: [VRFC 10-311] analyzing module regfile
INFO: [VRFC 10-2263] Analyzing Verilog file "F:/MIPS/CPU/CPU.srcs/sim_1/new/cpu_tb.v" into library xil_defaultlib
INFO: [VRFC 10-311] analyzing module cpu_tb
